\BOOKMARK [0][-]{chapter.1}{Introduction}{}% 1
\BOOKMARK [1][-]{section*.2}{1.1.\040The\040first\040steps}{chapter.1}% 2
\BOOKMARK [1][-]{section*.4}{1.2.\040Chemobiology\040and\040the\040chemobiological\040space}{chapter.1}% 3
\BOOKMARK [1][-]{section*.6}{1.3.\040In\040silico\040strategies\040for\040molecular\040design}{chapter.1}% 4
\BOOKMARK [1][-]{section*.12}{1.4.\040Limitations\040of\040nowadays\040tools\040for\040biochemical\040design}{chapter.1}% 5
\BOOKMARK [1][-]{section*.16}{1.5.\040Designing\040novel\040chemobiological\040hybrids:\040the\040search\040for\040an\040initial\040sketch}{chapter.1}% 6
\BOOKMARK [0][-]{chapter.2}{Objectives}{}% 7
\BOOKMARK [0][-]{chapter.3}{Introducing\040GAUDIASM}{}% 8
\BOOKMARK [1][-]{section*.17}{3.1.\040What\040is\040GAUDIASM}{chapter.3}% 9
\BOOKMARK [1][-]{section*.18}{3.2.\040The\040methodology:\040Genetic\040exploration\040with\040multi-objective\040capabilities}{chapter.3}% 10
\BOOKMARK [1][-]{section*.21}{3.3.\040Main\040features}{chapter.3}% 11
\BOOKMARK [0][-]{chapter.4}{Case\040Study\040I:\040Hemocyanin}{}% 12
\BOOKMARK [1][-]{section*.28}{4.1.\040Enzymes\040and\040organometallics}{chapter.4}% 13
\BOOKMARK [1][-]{section*.35}{4.2.\040The\040challenge:\040an\040artificial\040hemocyanin}{chapter.4}% 14
\BOOKMARK [1][-]{section*.36}{4.3.\040Our\040strategy}{chapter.4}% 15
\BOOKMARK [1][-]{section*.39}{4.4.\040Discussion\040of\040results}{chapter.4}% 16
\BOOKMARK [0][-]{chapter.5}{Case\040Study\040II:\040Aluminium}{}% 17
\BOOKMARK [1][-]{section*.44}{5.1.\040Metals\040and\040life}{chapter.5}% 18
\BOOKMARK [1][-]{section*.46}{5.2.\040The\040challenge}{chapter.5}% 19
\BOOKMARK [1][-]{section*.47}{5.3.\040Current\040techniques\040in\040bioinformatics}{chapter.5}% 20
\BOOKMARK [1][-]{section*.48}{5.4.\040Our\040strategy}{chapter.5}% 21
\BOOKMARK [1][-]{section*.51}{5.5.\040Discussion\040of\040results}{chapter.5}% 22
\BOOKMARK [0][-]{chapter.6}{Conclusions}{}% 23
\BOOKMARK [1][-]{section*.55}{Further\040work}{chapter.6}% 24
\BOOKMARK [0][-]{Appendix.1.A}{Appendix\040Programmatic\040details}{}% 25
\BOOKMARK [1][-]{section*.56}{A.1.\040Language\040and\040development\040environment\040choices}{Appendix.1.A}% 26
\BOOKMARK [1][-]{section*.57}{A.2.\040Main\040features\040of\040GAUDI}{Appendix.1.A}% 27
\BOOKMARK [0][-]{chapter*.68}{Listing\040of\040figures}{}% 28
\BOOKMARK [0][-]{chapter*.69}{References}{}% 29
